2020-12-17 18:27:20,963 INFO loading None profile from config /Users/mark/.twarc
2020-12-17 18:30:16,424 INFO loading None profile from config /Users/mark/.twarc
2020-12-17 18:30:16,429 INFO creating http session
2020-12-17 18:30:16,429 INFO creating OAuth1 user authentication
2020-12-17 18:30:16,430 INFO getting ('https://api.twitter.com/1.1/account/verify_credentials.json',) {'params': {'tweet_mode': 'extended'}}
2020-12-17 18:30:16,744 INFO hydrating 100 ids
2020-12-17 18:30:16,747 INFO posting ('https://api.twitter.com/1.1/statuses/lookup.json',) {'data': {'id': '1250641596887990272,,1250646705516707840,,1250647034253709315,,1250655078744240134,,1250655491904147456,,1250657293374496770,,1250658270525743104,,1250659019536109568,,1250660068183375872,,1250661883494969344,,1250664128680607745,,1250665913411612672,,1250666272288845824,,1250667369023909889,,1250667566256750593,,1250668182920200192,,1250669152307724288,,1250669558001737729,,1250671058618912768,,1250671950164344832,,1250673313606705152,,1250677365639954432,,1250677805563678726,,1250677815856574464,,1250678563210223618,,1250679601732476928,,1250679632938119169,,1250679893215633411,,1250680019053162497,,1250680787495682048,,1250680893401776128,,1250681988861878272,,1250682019857694725,,1250684911347855360,,1250685254622490625,,1250685830630432769,,1250686267056107521,,1250686318755151873,,1250686851641311232,,1250688546916179968,,1250688675769389056,,1250693636452425728,,1250694766897106945,,1250695489441476608,,1250698581918519302,,1250698644673658880,,1250698831622258688,,1250698916150083585,,1250699266307297281,,1250699999438155783,,1250700288132030465,,1250700330532249601,,1250700369283481605,,1250700704873938944,,1250700983849627649,,1250701498826264577,,1250701633119494144,,1250702007125540869,,1250702260746760195,,1250702688578396160,,1250702943919181828,,1250703334966800392,,1250703681571491840,,1250703752899842049,,1250705002676523009,,1250705124286218241,,1250705192540135424,,1250706086308569089,,1250706313082015746,,1250706916080222208,,1250707091356082179,,1250707639601893378,,1250707770451656704,,1250707937271709698,,1250708084902825984,,1250708414705041411,,1250708488105361408,,1250710717906518017,,1250712155172847617,,1250712485692428288,,1250712839981072384,,1250714396172713985,,1250714968141463554,,1250715266306146304,,1250717458215981056,,1250718791169765377,,1250721353151533056,,1250721814596198400,,1250721831486709761,,1250722793785876481,,1250724639313199104,,1250725452227858434,,1250726522954158080,,1250726913217355776,,1250727292042698752,,1250728634488360963,,1250729547772944384,,1250729741331677186,,1250730404971192320,,1250731541543751682,', 'include_ext_alt_text': 'true', 'include_entities': 'true', 'trim_user': False, 'tweet_mode': 'extended'}}
2020-12-17 18:30:17,353 INFO archived 1250641596887990272
2020-12-17 18:30:17,353 INFO archived 1250646705516707840
2020-12-17 18:30:17,354 INFO archived 1250647034253709315
2020-12-17 18:30:17,354 INFO archived 1250655078744240134
2020-12-17 18:30:17,355 INFO archived 1250655491904147456
2020-12-17 18:30:17,355 INFO archived 1250657293374496770
2020-12-17 18:30:17,355 INFO archived 1250658270525743104
2020-12-17 18:30:17,356 INFO archived 1250659019536109568
2020-12-17 18:30:17,356 INFO archived 1250660068183375872
2020-12-17 18:30:17,357 INFO archived 1250661883494969344
2020-12-17 18:30:17,357 INFO archived 1250664128680607745
2020-12-17 18:30:17,357 INFO archived 1250665913411612672
2020-12-17 18:30:17,358 INFO archived 1250666272288845824
2020-12-17 18:30:17,358 INFO archived 1250667369023909889
2020-12-17 18:30:17,358 INFO archived 1250667566256750593
2020-12-17 18:30:17,359 INFO archived 1250668182920200192
2020-12-17 18:30:17,359 INFO archived 1250669152307724288
2020-12-17 18:30:17,359 INFO archived 1250669558001737729
2020-12-17 18:30:17,360 INFO archived 1250671058618912768
2020-12-17 18:30:17,360 INFO archived 1250671950164344832
2020-12-17 18:30:17,360 INFO archived 1250673313606705152
2020-12-17 18:30:17,361 INFO archived 1250677365639954432
2020-12-17 18:30:17,361 INFO archived 1250677805563678726
2020-12-17 18:30:17,361 INFO archived 1250677815856574464
2020-12-17 18:30:17,361 INFO archived 1250678563210223618
2020-12-17 18:30:17,362 INFO archived 1250679601732476928
2020-12-17 18:30:17,362 INFO archived 1250679632938119169
2020-12-17 18:30:17,362 INFO archived 1250679893215633411
2020-12-17 18:30:17,363 INFO archived 1250680019053162497
2020-12-17 18:30:17,363 INFO archived 1250680787495682048
2020-12-17 18:30:17,363 INFO archived 1250680893401776128
2020-12-17 18:30:17,363 INFO archived 1250681988861878272
2020-12-17 18:30:17,364 INFO archived 1250682019857694725
2020-12-17 18:30:17,364 INFO archived 1250684911347855360
2020-12-17 18:30:17,364 INFO archived 1250685254622490625
2020-12-17 18:30:17,365 INFO archived 1250686267056107521
2020-12-17 18:30:17,365 INFO archived 1250686318755151873
2020-12-17 18:30:17,365 INFO archived 1250686851641311232
2020-12-17 18:30:17,366 INFO archived 1250688546916179968
2020-12-17 18:30:17,366 INFO archived 1250688675769389056
2020-12-17 18:30:17,367 INFO archived 1250693636452425728
2020-12-17 18:30:17,367 INFO archived 1250694766897106945
2020-12-17 18:30:17,367 INFO archived 1250695489441476608
2020-12-17 18:30:17,368 INFO archived 1250698581918519302
2020-12-17 18:30:17,368 INFO archived 1250698644673658880
2020-12-17 18:30:17,368 INFO archived 1250698831622258688
2020-12-17 18:30:17,368 INFO archived 1250698916150083585
2020-12-17 18:30:17,369 INFO archived 1250699266307297281
2020-12-17 18:30:17,369 INFO archived 1250699999438155783
2020-12-17 18:30:17,369 INFO archived 1250700288132030465
2020-12-17 18:30:17,370 INFO archived 1250700330532249601
2020-12-17 18:30:17,370 INFO archived 1250700369283481605
2020-12-17 18:30:17,370 INFO archived 1250700704873938944
2020-12-17 18:30:17,370 INFO archived 1250700983849627649
2020-12-17 18:30:17,371 INFO archived 1250701498826264577
2020-12-17 18:30:17,371 INFO archived 1250701633119494144
2020-12-17 18:30:17,371 INFO archived 1250702007125540869
2020-12-17 18:30:17,371 INFO archived 1250702260746760195
2020-12-17 18:30:17,372 INFO archived 1250702688578396160
2020-12-17 18:30:17,372 INFO archived 1250702943919181828
2020-12-17 18:30:17,372 INFO archived 1250703334966800392
2020-12-17 18:30:17,373 INFO archived 1250703681571491840
2020-12-17 18:30:17,373 INFO archived 1250703752899842049
2020-12-17 18:30:17,373 INFO archived 1250705002676523009
2020-12-17 18:30:17,374 INFO archived 1250705124286218241
2020-12-17 18:30:17,374 INFO archived 1250705192540135424
2020-12-17 18:30:17,374 INFO archived 1250706086308569089
2020-12-17 18:30:17,374 INFO archived 1250706313082015746
2020-12-17 18:30:17,375 INFO archived 1250706916080222208
2020-12-17 18:30:17,375 INFO archived 1250707091356082179
2020-12-17 18:30:17,375 INFO archived 1250707639601893378
2020-12-17 18:30:17,376 INFO archived 1250707770451656704
2020-12-17 18:30:17,376 INFO archived 1250707937271709698
2020-12-17 18:30:17,376 INFO archived 1250708084902825984
2020-12-17 18:30:17,377 INFO archived 1250708414705041411
2020-12-17 18:30:17,377 INFO archived 1250708488105361408
2020-12-17 18:30:17,377 INFO archived 1250710717906518017
2020-12-17 18:30:17,377 INFO archived 1250712155172847617
2020-12-17 18:30:17,378 INFO archived 1250712485692428288
2020-12-17 18:30:17,378 INFO archived 1250712839981072384
2020-12-17 18:30:17,378 INFO archived 1250714396172713985
2020-12-17 18:30:17,379 INFO archived 1250714968141463554
2020-12-17 18:30:17,379 INFO archived 1250715266306146304
2020-12-17 18:30:17,379 INFO archived 1250717458215981056
2020-12-17 18:30:17,380 INFO archived 1250721353151533056
2020-12-17 18:30:17,380 INFO archived 1250721814596198400
2020-12-17 18:30:17,380 INFO archived 1250721831486709761
2020-12-17 18:30:17,380 INFO archived 1250722793785876481
2020-12-17 18:30:17,381 INFO archived 1250724639313199104
2020-12-17 18:30:17,381 INFO archived 1250725452227858434
2020-12-17 18:30:17,381 INFO archived 1250726522954158080
2020-12-17 18:30:17,381 INFO archived 1250726913217355776
2020-12-17 18:30:17,382 INFO archived 1250727292042698752
2020-12-17 18:30:17,382 INFO archived 1250728634488360963
2020-12-17 18:30:17,382 INFO archived 1250729547772944384
2020-12-17 18:30:17,382 INFO archived 1250729741331677186
2020-12-17 18:30:17,383 INFO archived 1250730404971192320
2020-12-17 18:30:17,383 INFO archived 1250731541543751682
2020-12-17 18:30:17,383 INFO hydrating 100 ids
2020-12-17 18:30:17,383 INFO posting ('https://api.twitter.com/1.1/statuses/lookup.json',) {'data': {'id': '1250736897208582145,,1250740180392333312,,1250740354112000000,,1250742390039760899,,1250742398034104321,,1250744704636989442,,1250745599466627072,,1250746374322302982,,1250747118030958594,,1250747646094069760,,1250747813639716874,,1250748874857361410,,1250750070359810050,,1250750531523481602,,1250753253974913025,,1250753946341212160,,1250754056936730628,,1250754344623976448,,1250754554087555077,,1250755003331026950,,1250755662478487552,,1250756505667805184,,1250756975475986432,,1250757766529970176,,1250757834243018756,,1250760258294878208,,1250760898697809921,,1250764221710647307,,1250764830279176194,,1250765913906954245,,1250765946400186368,,1250766326425178112,,1250766771402862592,,1250767367539392512,,1250770108764520452,,1250770627092459520,,1250770865899425798,,1250771353814401025,,1250771405337174018,,1250776817641951232,,1250777916583092224,,1250778480066859010,,1250779681605013504,,1250779694036811776,,1250780235076907010,,1250780359396134912,,1250780906941546499,,1250781350656749569,,1250782917523132417,,1250784296677359616,,1250784397273509891,,1250784965505277952,,1250785074594922496,,1250785944204083200,,1250786723052883973,,1250787377569726464,,1250788195958165506,,1250789087646289924,,1250789777751846912,,1250789809129508866,,1250789893107785734,,1250790355454304257,,1250791352692064256,,1250791414293827585,,1250791841202659337,,1250793273268015104,,1250793401169084416,,1250793909283958784,,1250794252054953984,,1250794850187907073,,1250796993057886210,,1250798179366379520,,1250798424934531072,,1250799809071665157,,1250799838574399489,,1250799999132164100,,1250800369824927745,,1250801632226562048,,1250802312722952194,,1250805111921815553,,1250805754900217857,,1250805829231575044,,1250805989059825665,,1250806960326356992,,1250807338744905728,,1250807407124643844,,1250808333646409728,,1250808438596214784,,1250809061072875522,,1250809272847536128,,1250809824771805184,,1250810175486861312,,1250810289466904576,,1250810528592801792,,1250810728350711816,,1250811365729714179,,1250812603577831430,,1250813069422403585,,1250813211256991744,,1250814291718148098,', 'include_ext_alt_text': 'true', 'include_entities': 'true', 'trim_user': False, 'tweet_mode': 'extended'}}
2020-12-17 18:30:17,713 INFO archived 1250736897208582145
2020-12-17 18:30:17,713 INFO archived 1250740180392333312
2020-12-17 18:30:17,714 INFO archived 1250740354112000000
2020-12-17 18:30:17,714 INFO archived 1250742390039760899
2020-12-17 18:30:17,714 INFO archived 1250742398034104321
2020-12-17 18:30:17,714 INFO archived 1250744704636989442
2020-12-17 18:30:17,715 INFO archived 1250745599466627072
2020-12-17 18:30:17,715 INFO archived 1250746374322302982
2020-12-17 18:30:17,716 INFO archived 1250747118030958594
2020-12-17 18:30:17,716 INFO archived 1250747813639716874
2020-12-17 18:30:17,716 INFO archived 1250748874857361410
2020-12-17 18:30:17,716 INFO archived 1250750070359810050
2020-12-17 18:30:17,717 INFO archived 1250750531523481602
2020-12-17 18:30:17,717 INFO archived 1250753253974913025
2020-12-17 18:30:17,717 INFO archived 1250753946341212160
2020-12-17 18:30:17,718 INFO archived 1250754056936730628
2020-12-17 18:30:17,718 INFO archived 1250754344623976448
2020-12-17 18:30:17,718 INFO archived 1250754554087555077
2020-12-17 18:30:17,718 INFO archived 1250755003331026950
2020-12-17 18:30:17,719 INFO archived 1250755662478487552
2020-12-17 18:30:17,719 INFO archived 1250756505667805184
2020-12-17 18:30:17,719 INFO archived 1250756975475986432
2020-12-17 18:30:17,719 INFO archived 1250757766529970176
2020-12-17 18:30:17,719 INFO archived 1250757834243018756
2020-12-17 18:30:17,720 INFO archived 1250760258294878208
2020-12-17 18:30:17,720 INFO archived 1250760898697809921
2020-12-17 18:30:17,720 INFO archived 1250764221710647307
2020-12-17 18:30:17,720 INFO archived 1250764830279176194
2020-12-17 18:30:17,720 INFO archived 1250765913906954245
2020-12-17 18:30:17,720 INFO archived 1250765946400186368
2020-12-17 18:30:17,721 INFO archived 1250766326425178112
2020-12-17 18:30:17,721 INFO archived 1250766771402862592
2020-12-17 18:30:17,721 INFO archived 1250767367539392512
2020-12-17 18:30:17,722 INFO archived 1250770108764520452
2020-12-17 18:30:17,722 INFO archived 1250770627092459520
2020-12-17 18:30:17,722 INFO archived 1250770865899425798
2020-12-17 18:30:17,722 INFO archived 1250771353814401025
2020-12-17 18:30:17,723 INFO archived 1250771405337174018
2020-12-17 18:30:17,723 INFO archived 1250776817641951232
2020-12-17 18:30:17,723 INFO archived 1250777916583092224
2020-12-17 18:30:17,724 INFO archived 1250779681605013504
2020-12-17 18:30:17,724 INFO archived 1250779694036811776
2020-12-17 18:30:17,724 INFO archived 1250780235076907010
2020-12-17 18:30:17,725 INFO archived 1250780359396134912
2020-12-17 18:30:17,725 INFO archived 1250780906941546499
2020-12-17 18:30:17,725 INFO archived 1250781350656749569
2020-12-17 18:30:17,725 INFO archived 1250782917523132417
2020-12-17 18:30:17,726 INFO archived 1250784296677359616
2020-12-17 18:30:17,726 INFO archived 1250784397273509891
2020-12-17 18:30:17,726 INFO archived 1250784965505277952
2020-12-17 18:30:17,726 INFO archived 1250785944204083200
2020-12-17 18:30:17,727 INFO archived 1250786723052883973
2020-12-17 18:30:17,727 INFO archived 1250787377569726464
2020-12-17 18:30:17,728 INFO archived 1250788195958165506
2020-12-17 18:30:17,728 INFO archived 1250789087646289924
2020-12-17 18:30:17,728 INFO archived 1250789777751846912
2020-12-17 18:30:17,729 INFO archived 1250789809129508866
2020-12-17 18:30:17,729 INFO archived 1250789893107785734
2020-12-17 18:30:17,729 INFO archived 1250790355454304257
2020-12-17 18:30:17,729 INFO archived 1250791352692064256
2020-12-17 18:30:17,730 INFO archived 1250791414293827585
2020-12-17 18:30:17,730 INFO archived 1250791841202659337
2020-12-17 18:30:17,730 INFO archived 1250793273268015104
2020-12-17 18:30:17,730 INFO archived 1250793401169084416
2020-12-17 18:30:17,730 INFO archived 1250793909283958784
2020-12-17 18:30:17,731 INFO archived 1250794252054953984
2020-12-17 18:30:17,731 INFO archived 1250794850187907073
2020-12-17 18:30:17,731 INFO archived 1250796993057886210
2020-12-17 18:30:17,731 INFO archived 1250798179366379520
2020-12-17 18:30:17,731 INFO archived 1250798424934531072
2020-12-17 18:30:17,732 INFO archived 1250799809071665157
2020-12-17 18:30:17,732 INFO archived 1250799838574399489
2020-12-17 18:30:17,732 INFO archived 1250799999132164100
2020-12-17 18:30:17,732 INFO archived 1250800369824927745
2020-12-17 18:30:17,732 INFO archived 1250802312722952194
2020-12-17 18:30:17,733 INFO archived 1250805111921815553
2020-12-17 18:30:17,733 INFO archived 1250805754900217857
2020-12-17 18:30:17,733 INFO archived 1250805829231575044
2020-12-17 18:30:17,734 INFO archived 1250805989059825665
2020-12-17 18:30:17,776 INFO archived 1250806960326356992
2020-12-17 18:30:17,777 INFO archived 1250807338744905728
2020-12-17 18:30:17,777 INFO archived 1250807407124643844
2020-12-17 18:30:17,778 INFO archived 1250808333646409728
2020-12-17 18:30:17,778 INFO archived 1250808438596214784
2020-12-17 18:30:17,778 INFO archived 1250809061072875522
2020-12-17 18:30:17,779 INFO archived 1250809272847536128
2020-12-17 18:30:17,779 INFO archived 1250810175486861312
2020-12-17 18:30:17,780 INFO archived 1250810289466904576
2020-12-17 18:30:17,780 INFO archived 1250810528592801792
2020-12-17 18:30:17,780 INFO archived 1250810728350711816
2020-12-17 18:30:17,780 INFO archived 1250811365729714179
2020-12-17 18:30:17,780 INFO archived 1250812603577831430
2020-12-17 18:30:17,780 INFO archived 1250813069422403585
2020-12-17 18:30:17,781 INFO archived 1250813211256991744
2020-12-17 18:30:17,781 INFO hydrating 100 ids
2020-12-17 18:30:17,781 INFO posting ('https://api.twitter.com/1.1/statuses/lookup.json',) {'data': {'id': '1250814678868955137,,1250815469340295168,,1250815724391628808,,1250816571968126976,,1250817306235744257,,1250817590433382400,,1250818405629784065,,1250818769355751424,,1250819053121351680,,1250819769332269061,,1250819780011065344,,1250820067173953539,,1250820616271417344,,1250821007176335361,,1250821071655272448,,1250822323772559360,,1250826595272740869,,1250827459223642112,,1250827493906567169,,1250828267902439424,,1250828910322909184,,1250828979776430080,,1250830546114154499,,1250832221822423040,,1250832919007911936,,1250833096867319808,,1250833793730183172,,1250835123047665666,,1250835651345276928,,1250836036911083522,,1250836220105510912,,1250836413098209281,,1250837125957685249,,1250837146312769538,,1250837589009076224,,1250837787919646721,,1250838417174401025,,1250838777804623873,,1250838858247352324,,1250839592233828352,,1250839595870085120,,1250840581107879936,,1250840609805516800,,1250841028074115079,,1250841097586302978,,1250841147842363392,,1250841304805842948,,1250841969305292801,,1250842641647964164,,1250843326825332745,,1250843948001656832,,1250844893024583680,,1250844979343360004,,1250845371972177925,,1250845823946153985,,1250846507663835137,,1250846545710387205,,1250846785821650945,,1250847086733676549,,1250847131541405698,,1250847139258871809,,1250847244456255490,,1250847707683528708,,1250847846200496129,,1250848268055187461,,1250848569449254912,,1250849013844279300,,1250849316077527053,,1250849936134078464,,1250850050550325248,,1250850070897049605,,1250850283309002752,,1250850614919266310,,1250851894555271168,,1250852803771346944,,1250853785892782083,,1250855571038728192,,1250855828510453766,,1250856756026249217,,1250856912553476096,,1250857105885667332,,1250857151272189959,,1250858890977304578,,1250858917921460236,,1250859592768258048,,1250859764978003971,,1250860601120784384,,1250860719781928963,,1250862296731201536,,1250863232694304770,,1250863940575170562,,1250864298571689984,,1250865561954856961,,1250865684042723328,,1250866634715205632,,1250867959368728577,,1250868227523186688,,1250870561938583553,,1250870583539240962,,1250870751214829570,', 'include_ext_alt_text': 'true', 'include_entities': 'true', 'trim_user': False, 'tweet_mode': 'extended'}}
2020-12-17 18:30:18,255 INFO archived 1250814678868955137
2020-12-17 18:30:18,255 INFO archived 1250815469340295168
2020-12-17 18:30:18,255 INFO archived 1250815724391628808
2020-12-17 18:30:18,255 INFO archived 1250816571968126976
2020-12-17 18:30:18,255 INFO archived 1250817306235744257
2020-12-17 18:30:18,256 INFO archived 1250817590433382400
2020-12-17 18:30:18,256 INFO archived 1250818405629784065
2020-12-17 18:30:18,256 INFO archived 1250818769355751424
2020-12-17 18:30:18,256 INFO archived 1250819053121351680
2020-12-17 18:30:18,256 INFO archived 1250819769332269061
2020-12-17 18:30:18,256 INFO archived 1250819780011065344
2020-12-17 18:30:18,256 INFO archived 1250820067173953539
2020-12-17 18:30:18,257 INFO archived 1250820616271417344
2020-12-17 18:30:18,257 INFO archived 1250821007176335361
2020-12-17 18:30:18,257 INFO archived 1250821071655272448
2020-12-17 18:30:18,257 INFO archived 1250822323772559360
2020-12-17 18:30:18,257 INFO archived 1250826595272740869
2020-12-17 18:30:18,258 INFO archived 1250827459223642112
2020-12-17 18:30:18,258 INFO archived 1250827493906567169
2020-12-17 18:30:18,258 INFO archived 1250828267902439424
2020-12-17 18:30:18,258 INFO archived 1250828910322909184
2020-12-17 18:30:18,258 INFO archived 1250828979776430080
2020-12-17 18:30:18,258 INFO archived 1250830546114154499
2020-12-17 18:30:18,259 INFO archived 1250832221822423040
2020-12-17 18:30:18,259 INFO archived 1250832919007911936
2020-12-17 18:30:18,259 INFO archived 1250833096867319808
2020-12-17 18:30:18,260 INFO archived 1250833793730183172
2020-12-17 18:30:18,260 INFO archived 1250835123047665666
2020-12-17 18:30:18,260 INFO archived 1250835651345276928
2020-12-17 18:30:18,260 INFO archived 1250836036911083522
2020-12-17 18:30:18,260 INFO archived 1250836220105510912
2020-12-17 18:30:18,260 INFO archived 1250836413098209281
2020-12-17 18:30:18,261 INFO archived 1250837125957685249
2020-12-17 18:30:18,261 INFO archived 1250837146312769538
2020-12-17 18:30:18,261 INFO archived 1250837589009076224
2020-12-17 18:30:18,262 INFO archived 1250837787919646721
2020-12-17 18:30:18,262 INFO archived 1250838417174401025
2020-12-17 18:30:18,262 INFO archived 1250838777804623873
2020-12-17 18:30:18,262 INFO archived 1250838858247352324
2020-12-17 18:30:18,263 INFO archived 1250839592233828352
2020-12-17 18:30:18,263 INFO archived 1250839595870085120
2020-12-17 18:30:18,263 INFO archived 1250840581107879936
2020-12-17 18:30:18,263 INFO archived 1250840609805516800
2020-12-17 18:30:18,264 INFO archived 1250841028074115079
2020-12-17 18:30:18,264 INFO archived 1250841097586302978
2020-12-17 18:30:18,264 INFO archived 1250841147842363392
2020-12-17 18:30:18,264 INFO archived 1250841304805842948
2020-12-17 18:30:18,266 INFO archived 1250841969305292801
2020-12-17 18:30:18,266 INFO archived 1250842641647964164
2020-12-17 18:30:18,266 INFO archived 1250843326825332745
2020-12-17 18:30:18,266 INFO archived 1250843948001656832
2020-12-17 18:30:18,266 INFO archived 1250844893024583680
2020-12-17 18:30:18,267 INFO archived 1250844979343360004
2020-12-17 18:30:18,267 INFO archived 1250845371972177925
2020-12-17 18:30:18,267 INFO archived 1250845823946153985
2020-12-17 18:30:18,267 INFO archived 1250846507663835137
2020-12-17 18:30:18,268 INFO archived 1250846545710387205
2020-12-17 18:30:18,268 INFO archived 1250846785821650945
2020-12-17 18:30:18,268 INFO archived 1250847086733676549
2020-12-17 18:30:18,268 INFO archived 1250847131541405698
2020-12-17 18:30:18,268 INFO archived 1250847139258871809
2020-12-17 18:30:18,269 INFO archived 1250847244456255490
2020-12-17 18:30:18,269 INFO archived 1250847707683528708
2020-12-17 18:30:18,269 INFO archived 1250847846200496129
2020-12-17 18:30:18,270 INFO archived 1250848268055187461
2020-12-17 18:30:18,270 INFO archived 1250848569449254912
2020-12-17 18:30:18,270 INFO archived 1250849013844279300
2020-12-17 18:30:18,270 INFO archived 1250849316077527053
2020-12-17 18:30:18,270 INFO archived 1250849936134078464
2020-12-17 18:30:18,271 INFO archived 1250850050550325248
2020-12-17 18:30:18,271 INFO archived 1250850070897049605
2020-12-17 18:30:18,271 INFO archived 1250850283309002752
2020-12-17 18:30:18,271 INFO archived 1250850614919266310
2020-12-17 18:30:18,271 INFO archived 1250851894555271168
2020-12-17 18:30:18,271 INFO archived 1250852803771346944
2020-12-17 18:30:18,272 INFO archived 1250853785892782083
2020-12-17 18:30:18,272 INFO archived 1250855571038728192
2020-12-17 18:30:18,272 INFO archived 1250855828510453766
2020-12-17 18:30:18,272 INFO archived 1250856756026249217
2020-12-17 18:30:18,272 INFO archived 1250856912553476096
2020-12-17 18:30:18,273 INFO archived 1250857105885667332
2020-12-17 18:30:18,273 INFO archived 1250857151272189959
2020-12-17 18:30:18,273 INFO archived 1250858890977304578
2020-12-17 18:30:18,273 INFO archived 1250858917921460236
2020-12-17 18:30:18,273 INFO archived 1250859592768258048
2020-12-17 18:30:18,274 INFO archived 1250859764978003971
2020-12-17 18:30:18,274 INFO archived 1250860601120784384
2020-12-17 18:30:18,274 INFO archived 1250860719781928963
2020-12-17 18:30:18,274 INFO archived 1250862296731201536
2020-12-17 18:30:18,274 INFO archived 1250863232694304770
2020-12-17 18:30:18,274 INFO archived 1250863940575170562
2020-12-17 18:30:18,274 INFO archived 1250864298571689984
2020-12-17 18:30:18,275 INFO archived 1250865561954856961
2020-12-17 18:30:18,275 INFO archived 1250865684042723328
2020-12-17 18:30:18,275 INFO archived 1250866634715205632
2020-12-17 18:30:18,275 INFO archived 1250867959368728577
2020-12-17 18:30:18,275 INFO archived 1250868227523186688
2020-12-17 18:30:18,275 INFO archived 1250870561938583553
2020-12-17 18:30:18,276 INFO archived 1250870583539240962
2020-12-17 18:30:18,276 INFO archived 1250870751214829570
2020-12-17 18:30:18,276 INFO hydrating 100 ids
2020-12-17 18:30:18,276 INFO posting ('https://api.twitter.com/1.1/statuses/lookup.json',) {'data': {'id': '1250872227760934913,,1250872235155472386,,1250873464535334914,,1250874244990472192,,1250875285878251524,,1250875707431018502,,1250876529044680704,,1250877265908346880,,1250880461389172736,,1250880734275002373,,1250881943060824065,,1250886246227939328,,1250886558355513354,,1250887168073007104,,1250888060188987392,,1250888154183237633,,1250888887318306817,,1250889052204785677,,1250890248076304384,,1250890709365936128,,1250890938764926985,,1250891927517528066,,1250893473424818176,,1250894356409724933,,1250894660689633280,,1250896554669625344,,1250896769363390466,,1250896789236076544,,1250899005669810181,,1250899122925768712,,1250899816919465984,,1250903586273406979,,1250904686787530752,,1250904695578587136,,1250905142796464128,,1250905148215431168,,1250905644883824641,,1250907525454725121,,1250908154352861189,,1250908382841786368,,1250911203293093891,,1250912310467715073,,1250912477434519552,,1250916317512765442,,1250917492643581952,,1250917642728243201,,1250918105439703040,,1250918264580046849,,1250919457515384833,,1250921171970699264,,1250921693306068993,,1250923975414333440,,1250925944099016704,,1250926792296271874,,1250927146769494022,,1250929317674201094,,1250929392332812289,,1250932427230531590,,1250932948578308096,,1250933140811583488,,1250935442175922179,,1250939298209320961,,1250940576587034626,,1250941004208918530,,1250941008180887554,,1250942354493767681,,1250943741654949889,,1250944205796622345,,1250944317012635649,,1250944746786299904,,1250944875937312769,,1250945721890734080,,1250945913884946433,,1250948348691046403,,1250952682350817281,,1250957841978056705,,1250959301914406913,,1250960048630743040,,1250962211763298304,,1250962868540862466,,1250964310131535872,,1250964558501548034,,1250965101001101312,,1250965743879041025,,1250966562154086405,,1250967316533325824,,1250967664182407169,,1250969694858702854,,1250975076004044801,,1250975347404869637,,1250975405319782406,,1250975670412423168,,1250975838595624960,,1250975886699974656,,1250976152472125447,,1250976275662946312,,1250976395876065280,,1250976886827745280,,1250977062732644353,,1250977303439511553,', 'include_ext_alt_text': 'true', 'include_entities': 'true', 'trim_user': False, 'tweet_mode': 'extended'}}
2020-12-17 18:30:18,891 INFO archived 1250872227760934913
2020-12-17 18:30:18,893 INFO archived 1250872235155472386
2020-12-17 18:30:18,893 INFO archived 1250873464535334914
2020-12-17 18:30:18,894 INFO archived 1250874244990472192
2020-12-17 18:30:18,894 INFO archived 1250875285878251524
2020-12-17 18:30:18,895 INFO archived 1250875707431018502
2020-12-17 18:30:18,895 INFO archived 1250876529044680704
2020-12-17 18:30:18,896 INFO archived 1250877265908346880
2020-12-17 18:30:18,896 INFO archived 1250880461389172736
2020-12-17 18:30:18,897 INFO archived 1250880734275002373
2020-12-17 18:30:18,897 INFO archived 1250881943060824065
2020-12-17 18:30:18,898 INFO archived 1250886246227939328
2020-12-17 18:30:18,898 INFO archived 1250886558355513354
2020-12-17 18:30:18,898 INFO archived 1250887168073007104
2020-12-17 18:30:18,899 INFO archived 1250888060188987392
2020-12-17 18:30:18,899 INFO archived 1250888154183237633
2020-12-17 18:30:18,899 INFO archived 1250888887318306817
2020-12-17 18:30:18,899 INFO archived 1250889052204785677
2020-12-17 18:30:18,900 INFO archived 1250890248076304384
2020-12-17 18:30:18,900 INFO archived 1250890709365936128
2020-12-17 18:30:18,900 INFO archived 1250890938764926985
2020-12-17 18:30:18,900 INFO archived 1250891927517528066
2020-12-17 18:30:18,900 INFO archived 1250893473424818176
2020-12-17 18:30:18,900 INFO archived 1250894356409724933
2020-12-17 18:30:18,901 INFO archived 1250894660689633280
2020-12-17 18:30:18,901 INFO archived 1250896554669625344
2020-12-17 18:30:18,901 INFO archived 1250896769363390466
2020-12-17 18:30:18,901 INFO archived 1250896789236076544
2020-12-17 18:30:18,901 INFO archived 1250899005669810181
2020-12-17 18:30:18,901 INFO archived 1250899122925768712
2020-12-17 18:30:18,901 INFO archived 1250899816919465984
2020-12-17 18:30:18,901 INFO archived 1250903586273406979
2020-12-17 18:30:18,902 INFO archived 1250904686787530752
2020-12-17 18:30:18,905 INFO archived 1250904695578587136
2020-12-17 18:30:18,905 INFO archived 1250905142796464128
2020-12-17 18:30:18,906 INFO archived 1250905148215431168
2020-12-17 18:30:18,906 INFO archived 1250905644883824641
2020-12-17 18:30:18,906 INFO archived 1250907525454725121
2020-12-17 18:30:18,907 INFO archived 1250908154352861189
2020-12-17 18:30:18,908 INFO archived 1250908382841786368
2020-12-17 18:30:18,908 INFO archived 1250911203293093891
2020-12-17 18:30:18,908 INFO archived 1250912310467715073
2020-12-17 18:30:18,908 INFO archived 1250912477434519552
2020-12-17 18:30:18,909 INFO archived 1250916317512765442
2020-12-17 18:30:18,909 INFO archived 1250917492643581952
2020-12-17 18:30:18,909 INFO archived 1250917642728243201
2020-12-17 18:30:18,909 INFO archived 1250918105439703040
2020-12-17 18:30:18,909 INFO archived 1250918264580046849
2020-12-17 18:30:18,909 INFO archived 1250919457515384833
2020-12-17 18:30:18,910 INFO archived 1250921171970699264
2020-12-17 18:30:18,910 INFO archived 1250921693306068993
2020-12-17 18:30:18,910 INFO archived 1250923975414333440
2020-12-17 18:30:18,910 INFO archived 1250925944099016704
2020-12-17 18:30:18,910 INFO archived 1250926792296271874
2020-12-17 18:30:18,910 INFO archived 1250927146769494022
2020-12-17 18:30:18,910 INFO archived 1250929317674201094
2020-12-17 18:30:18,911 INFO archived 1250929392332812289
2020-12-17 18:30:18,911 INFO archived 1250932427230531590
2020-12-17 18:30:18,911 INFO archived 1250932948578308096
2020-12-17 18:30:18,911 INFO archived 1250933140811583488
2020-12-17 18:30:18,911 INFO archived 1250935442175922179
2020-12-17 18:30:18,911 INFO archived 1250939298209320961
2020-12-17 18:30:18,911 INFO archived 1250940576587034626
2020-12-17 18:30:18,912 INFO archived 1250941004208918530
2020-12-17 18:30:18,912 INFO archived 1250941008180887554
2020-12-17 18:30:18,912 INFO archived 1250942354493767681
2020-12-17 18:30:18,912 INFO archived 1250943741654949889
2020-12-17 18:30:18,912 INFO archived 1250944205796622345
2020-12-17 18:30:18,912 INFO archived 1250944317012635649
2020-12-17 18:30:18,912 INFO archived 1250944746786299904
2020-12-17 18:30:18,912 INFO archived 1250944875937312769
2020-12-17 18:30:18,913 INFO archived 1250945721890734080
2020-12-17 18:30:18,913 INFO archived 1250945913884946433
2020-12-17 18:30:18,913 INFO archived 1250948348691046403
2020-12-17 18:30:18,913 INFO archived 1250952682350817281
2020-12-17 18:30:18,913 INFO archived 1250957841978056705
2020-12-17 18:30:18,913 INFO archived 1250959301914406913
2020-12-17 18:30:18,913 INFO archived 1250960048630743040
2020-12-17 18:30:18,914 INFO archived 1250962211763298304
2020-12-17 18:30:18,914 INFO archived 1250962868540862466
2020-12-17 18:30:18,914 INFO archived 1250964310131535872
2020-12-17 18:30:18,914 INFO archived 1250964558501548034
2020-12-17 18:30:18,914 INFO archived 1250965101001101312
2020-12-17 18:30:18,914 INFO archived 1250965743879041025
2020-12-17 18:30:18,914 INFO archived 1250966562154086405
2020-12-17 18:30:18,914 INFO archived 1250967316533325824
2020-12-17 18:30:18,915 INFO archived 1250967664182407169
2020-12-17 18:30:18,915 INFO archived 1250969694858702854
2020-12-17 18:30:18,915 INFO archived 1250975076004044801
2020-12-17 18:30:18,915 INFO archived 1250975347404869637
2020-12-17 18:30:18,915 INFO archived 1250975405319782406
2020-12-17 18:30:18,915 INFO archived 1250975670412423168
2020-12-17 18:30:18,915 INFO archived 1250975838595624960
2020-12-17 18:30:18,916 INFO archived 1250975886699974656
2020-12-17 18:30:18,916 INFO archived 1250976152472125447
2020-12-17 18:30:18,916 INFO archived 1250976275662946312
2020-12-17 18:30:18,916 INFO archived 1250976395876065280
2020-12-17 18:30:18,916 INFO archived 1250976886827745280
2020-12-17 18:30:18,916 INFO archived 1250977062732644353
2020-12-17 18:30:18,916 INFO archived 1250977303439511553
2020-12-17 18:30:18,916 INFO hydrating 100 ids
2020-12-17 18:30:18,916 INFO posting ('https://api.twitter.com/1.1/statuses/lookup.json',) {'data': {'id': '1250977712715583493,,1250977932954218496,,1250978070707802113,,1250978237158744066,,1250978412392525824,,1250978823463673858,,1250978991709839360,,1250979104263897088,,1250979499828797441,,1250979518044569600,,1250979624777068545,,1250979636303007746,,1250980084925845504,,1250980570806575105,,1250981201915138051,,1250981587224854535,,1250981831920562176,,1250981850417430528,,1250982020160913411,,1250982106496368641,,1250982137710415873,,1250982431202705410,,1250982435497574400,,1250982616725159936,,1250984208018874368,,1250985225498185728,,1250985453714538498,,1250986227085520896,,1250986227391700994,,1250989719070150657,,1250990218376654848,,1250994679371497474,,1250998071988637697,,1251002196109524993,,1251003938234667008,,1251004247979761665,,1251005244042915843,,1251005542694346753,,1251005633907830784,,1251005883750002688,,1251006880274677760,,1251010410519629824,,1251010649444024320,,1251011952979181568,,1251014321670324232,,1251014530974601220,,1251015682193489920,,1251015900829974528,,1251018232162549760,,1251018411964010496,,1251019887625089025,,1251023409280057344,,1251028203881234432,,1251029719283367936,,1251030196368670720,,1251032585255313410,,1251033077360590848,,1251033943434035202,,1251036131937812482,,1251039516636389376,,1251039735058960384,,1251040293522194432,,1251043109527584768,,1251043572637298689,,1251044222725165057,,1251044588955095045,,1251045975218630657,,1251047850202497025,,1251048314872578050,,1251050051075522560,,1251052067730456576,,1251056417877999616,,1251057233913233408,,1251057455640895488,,1251057712789688320,,1251058492657541121,,1251061550196146176,,1251062576844279808,,1251062790753619968,,1251063638728691717,,1251065321483644928,,1251066872893710337,,1251070163019083776,,1251070610425253889,,1251070702217723905,,1251072131204513792,,1251072266479251457,,1251074666283831296,,1251075290941587456,,1251076126396432385,,1251076643617148929,,1251078370617688064,,1251082311443111936,,1251083608271523840,,1251083987734409217,,1251084895356702720,,1251086522323030017,,1251088222857441280,,1251089689660010497,,1251091089999749120,', 'include_ext_alt_text': 'true', 'include_entities': 'true', 'trim_user': False, 'tweet_mode': 'extended'}}
2020-12-17 18:30:19,249 INFO archived 1250977712715583493
2020-12-17 18:30:19,249 INFO archived 1250978070707802113
2020-12-17 18:30:19,250 INFO archived 1250978237158744066
2020-12-17 18:30:19,250 INFO archived 1250978412392525824
2020-12-17 18:30:19,250 INFO archived 1250978823463673858
2020-12-17 18:30:19,250 INFO archived 1250978991709839360
2020-12-17 18:30:19,250 INFO archived 1250979104263897088
2020-12-17 18:30:19,251 INFO archived 1250979499828797441
2020-12-17 18:30:19,251 INFO archived 1250979518044569600
2020-12-17 18:30:19,251 INFO archived 1250979624777068545
2020-12-17 18:30:19,251 INFO archived 1250979636303007746
2020-12-17 18:30:19,252 INFO archived 1250980084925845504
2020-12-17 18:30:19,252 INFO archived 1250980570806575105
2020-12-17 18:30:19,252 INFO archived 1250981201915138051
2020-12-17 18:30:19,252 INFO archived 1250981587224854535
2020-12-17 18:30:19,253 INFO archived 1250981831920562176
2020-12-17 18:30:19,253 INFO archived 1250981850417430528
2020-12-17 18:30:19,253 INFO archived 1250982020160913411
2020-12-17 18:30:19,253 INFO archived 1250982106496368641
2020-12-17 18:30:19,253 INFO archived 1250982137710415873
2020-12-17 18:30:19,254 INFO archived 1250982431202705410
2020-12-17 18:30:19,254 INFO archived 1250982435497574400
2020-12-17 18:30:19,254 INFO archived 1250982616725159936
2020-12-17 18:30:19,254 INFO archived 1250984208018874368
2020-12-17 18:30:19,255 INFO archived 1250985225498185728
2020-12-17 18:30:19,255 INFO archived 1250985453714538498
2020-12-17 18:30:19,255 INFO archived 1250986227085520896
2020-12-17 18:30:19,256 INFO archived 1250989719070150657
2020-12-17 18:30:19,256 INFO archived 1250990218376654848
2020-12-17 18:30:19,256 INFO archived 1250994679371497474
2020-12-17 18:30:19,256 INFO archived 1250998071988637697
2020-12-17 18:30:19,256 INFO archived 1251002196109524993
2020-12-17 18:30:19,257 INFO archived 1251003938234667008
2020-12-17 18:30:19,257 INFO archived 1251004247979761665
2020-12-17 18:30:19,257 INFO archived 1251005244042915843
2020-12-17 18:30:19,257 INFO archived 1251005542694346753
2020-12-17 18:30:19,258 INFO archived 1251005633907830784
2020-12-17 18:30:19,258 INFO archived 1251005883750002688
2020-12-17 18:30:19,258 INFO archived 1251006880274677760
2020-12-17 18:30:19,258 INFO archived 1251010410519629824
2020-12-17 18:30:19,258 INFO archived 1251010649444024320
2020-12-17 18:30:19,258 INFO archived 1251011952979181568
2020-12-17 18:30:19,259 INFO archived 1251014321670324232
2020-12-17 18:30:19,259 INFO archived 1251014530974601220
2020-12-17 18:30:19,259 INFO archived 1251015682193489920
2020-12-17 18:30:19,259 INFO archived 1251015900829974528
2020-12-17 18:30:19,259 INFO archived 1251018232162549760
2020-12-17 18:30:19,259 INFO archived 1251018411964010496
2020-12-17 18:30:19,259 INFO archived 1251019887625089025
2020-12-17 18:30:19,259 INFO archived 1251023409280057344
2020-12-17 18:30:19,260 INFO archived 1251028203881234432
2020-12-17 18:30:19,260 INFO archived 1251029719283367936
2020-12-17 18:30:19,260 INFO archived 1251030196368670720
2020-12-17 18:30:19,260 INFO archived 1251032585255313410
2020-12-17 18:30:19,261 INFO archived 1251033077360590848
2020-12-17 18:30:19,261 INFO archived 1251033943434035202
2020-12-17 18:30:19,261 INFO archived 1251036131937812482
2020-12-17 18:30:19,261 INFO archived 1251039516636389376
2020-12-17 18:30:19,261 INFO archived 1251039735058960384
2020-12-17 18:30:19,262 INFO archived 1251040293522194432
2020-12-17 18:30:19,262 INFO archived 1251043109527584768
2020-12-17 18:30:19,262 INFO archived 1251043572637298689
2020-12-17 18:30:19,262 INFO archived 1251044222725165057
2020-12-17 18:30:19,262 INFO archived 1251044588955095045
2020-12-17 18:30:19,263 INFO archived 1251045975218630657
2020-12-17 18:30:19,263 INFO archived 1251047850202497025
2020-12-17 18:30:19,263 INFO archived 1251048314872578050
2020-12-17 18:30:19,263 INFO archived 1251050051075522560
2020-12-17 18:30:19,264 INFO archived 1251052067730456576
2020-12-17 18:30:19,264 INFO archived 1251056417877999616
2020-12-17 18:30:19,264 INFO archived 1251057233913233408
2020-12-17 18:30:19,264 INFO archived 1251057455640895488
2020-12-17 18:30:19,264 INFO archived 1251057712789688320
2020-12-17 18:30:19,264 INFO archived 1251061550196146176
2020-12-17 18:30:19,265 INFO archived 1251062576844279808
2020-12-17 18:30:19,265 INFO archived 1251062790753619968
2020-12-17 18:30:19,265 INFO archived 1251063638728691717
2020-12-17 18:30:19,265 INFO archived 1251065321483644928
2020-12-17 18:30:19,265 INFO archived 1251066872893710337
2020-12-17 18:30:19,265 INFO archived 1251070163019083776
2020-12-17 18:30:19,266 INFO archived 1251070610425253889
2020-12-17 18:30:19,266 INFO archived 1251070702217723905
2020-12-17 18:30:19,266 INFO archived 1251072131204513792
2020-12-17 18:30:19,266 INFO archived 1251072266479251457
2020-12-17 18:30:19,267 INFO archived 1251074666283831296
2020-12-17 18:30:19,267 INFO archived 1251075290941587456
2020-12-17 18:30:19,267 INFO archived 1251076126396432385
2020-12-17 18:30:19,267 INFO archived 1251076643617148929
2020-12-17 18:30:19,267 INFO archived 1251078370617688064
2020-12-17 18:30:19,268 INFO archived 1251082311443111936
2020-12-17 18:30:19,268 INFO archived 1251083608271523840
2020-12-17 18:30:19,268 INFO archived 1251083987734409217
2020-12-17 18:30:19,268 INFO archived 1251084895356702720
2020-12-17 18:30:19,268 INFO archived 1251086522323030017
2020-12-17 18:30:19,268 INFO archived 1251088222857441280
2020-12-17 18:30:19,269 INFO archived 1251089689660010497
2020-12-17 18:30:19,269 INFO archived 1251091089999749120
2020-12-17 18:30:19,269 INFO hydrating 100 ids
2020-12-17 18:30:19,269 INFO posting ('https://api.twitter.com/1.1/statuses/lookup.json',) {'data': {'id': '1251091872929312768,,1251093686508826626,,1251096039651762177,,1251097626235359232,,1251097635114680322,,1251098589121650688,,1251099134532169729,,1251103519240867840,,1251103575981338630,,1251103870366998529,,1251105735188058112,,1251107812832415745,,1251108153548308488,,1251109336111288320,,1251111206666067968,,1251114476318920705,,1251114515930001408,,1251115514837061634,,1251116797505536000,,1251116948697632769,,1251119951596969985,,1251120219759747075,,1251122639474577412,,1251123939960664064,,1251124358866763776,,1251124543235805184,,1251125256762331138,,1251125433237716992,,1251125447863070721,,1251125609931116545,,1251128835782909952,,1251129077295087618,,1251130503568093189,,1251130680219594752,,1251131657081372672,,1251131699418796032,,1251133280100978696,,1251134104806006784,,1251134109130334208,,1251134749134880769,,1251134961769381888,,1251135195140501504,,1251135228384612353,,1251136174393110529,,1251136269385678848,,1251137406872387585,,1251137783374192641,,1251138818935267329,,1251139279188897797,,1251139905935335424,,1251140292327112704,,1251140613669621760,,1251141398507786240,,1251141985479659520,,1251142559688093697,,1251142644035706880,,1251142988463570945,,1251143116427575297,,1251143131501744133,,1251143315073966080,,1251143535811866624,,1251143555336171520,,1251143825000554496,,1251144011211046912,,1251144014813966336,,1251145108449361920,,1251146784258224129,,1251147913515814915,,1251148405348302848,,1251148596285603840,,1251148811579211781,,1251156429060235265,,1251156761068765186,,1251157463962841089,,1251157912111595520,,1251159732519186438,,1251161269563875328,,1251161631427457032,,1251162639524225025,,1251162684009168896,,1251164043101888513,,1251164052409200640,,1251164437710585856,,1251164456463335425,,1251165044399734785,,1251165338705825793,,1251166080095211520,,1251166797694459904,,1251167365779337216,,1251167390978752519,,1251169685606932480,,1251170217427980288,,1251170471871221760,,1251170579861962755,,1251171441174876160,,1251172280115302402,,1251174028246687746,,1251175839619842049,,1251176121514803201,,1251176298598170626,', 'include_ext_alt_text': 'true', 'include_entities': 'true', 'trim_user': False, 'tweet_mode': 'extended'}}
2020-12-17 18:30:19,675 INFO archived 1251091872929312768
2020-12-17 18:30:19,675 INFO archived 1251093686508826626
2020-12-17 18:30:19,676 INFO archived 1251096039651762177
2020-12-17 18:30:19,676 INFO archived 1251097626235359232
2020-12-17 18:30:19,676 INFO archived 1251097635114680322
2020-12-17 18:30:19,677 INFO archived 1251098589121650688
2020-12-17 18:30:19,677 INFO archived 1251103519240867840
2020-12-17 18:30:19,677 INFO archived 1251103575981338630
2020-12-17 18:30:19,678 INFO archived 1251103870366998529
2020-12-17 18:30:19,678 INFO archived 1251105735188058112
2020-12-17 18:30:19,678 INFO archived 1251107812832415745
2020-12-17 18:30:19,678 INFO archived 1251108153548308488
2020-12-17 18:30:19,678 INFO archived 1251109336111288320
2020-12-17 18:30:19,679 INFO archived 1251111206666067968
2020-12-17 18:30:19,679 INFO archived 1251114476318920705
2020-12-17 18:30:19,680 INFO archived 1251114515930001408
2020-12-17 18:30:19,680 INFO archived 1251115514837061634
2020-12-17 18:30:19,680 INFO archived 1251116797505536000
2020-12-17 18:30:19,681 INFO archived 1251116948697632769
2020-12-17 18:30:19,681 INFO archived 1251119951596969985
2020-12-17 18:30:19,681 INFO archived 1251122639474577412
2020-12-17 18:30:19,682 INFO archived 1251123939960664064
2020-12-17 18:30:19,682 INFO archived 1251124358866763776
2020-12-17 18:30:19,682 INFO archived 1251124543235805184
2020-12-17 18:30:19,683 INFO archived 1251125256762331138
2020-12-17 18:30:19,683 INFO archived 1251125433237716992
2020-12-17 18:30:19,683 INFO archived 1251125447863070721
2020-12-17 18:30:19,683 INFO archived 1251125609931116545
2020-12-17 18:30:19,684 INFO archived 1251129077295087618
2020-12-17 18:30:19,684 INFO archived 1251130503568093189
2020-12-17 18:30:19,684 INFO archived 1251130680219594752
2020-12-17 18:30:19,685 INFO archived 1251131657081372672
2020-12-17 18:30:19,685 INFO archived 1251131699418796032
2020-12-17 18:30:19,685 INFO archived 1251133280100978696
2020-12-17 18:30:19,686 INFO archived 1251134104806006784
2020-12-17 18:30:19,686 INFO archived 1251134109130334208
2020-12-17 18:30:19,686 INFO archived 1251134749134880769
2020-12-17 18:30:19,687 INFO archived 1251134961769381888
2020-12-17 18:30:19,687 INFO archived 1251135195140501504
2020-12-17 18:30:19,688 INFO archived 1251135228384612353
2020-12-17 18:30:19,688 INFO archived 1251136174393110529
2020-12-17 18:30:19,688 INFO archived 1251136269385678848
2020-12-17 18:30:19,689 INFO archived 1251137406872387585
2020-12-17 18:30:19,689 INFO archived 1251137783374192641
2020-12-17 18:30:19,690 INFO archived 1251138818935267329
2020-12-17 18:30:19,690 INFO archived 1251139279188897797
2020-12-17 18:30:19,690 INFO archived 1251139905935335424
2020-12-17 18:30:19,691 INFO archived 1251140292327112704
2020-12-17 18:30:19,691 INFO archived 1251140613669621760
2020-12-17 18:30:19,692 INFO archived 1251141398507786240
2020-12-17 18:30:19,692 INFO archived 1251141985479659520
2020-12-17 18:30:19,693 INFO archived 1251142559688093697
2020-12-17 18:30:19,693 INFO archived 1251142644035706880
2020-12-17 18:30:19,693 INFO archived 1251142988463570945
2020-12-17 18:30:19,694 INFO archived 1251143116427575297
2020-12-17 18:30:19,694 INFO archived 1251143131501744133
2020-12-17 18:30:19,695 INFO archived 1251143315073966080
2020-12-17 18:30:19,695 INFO archived 1251143535811866624
2020-12-17 18:30:19,696 INFO archived 1251143555336171520
2020-12-17 18:30:19,696 INFO archived 1251143825000554496
2020-12-17 18:30:19,696 INFO archived 1251144011211046912
2020-12-17 18:30:19,697 INFO archived 1251144014813966336
2020-12-17 18:30:19,697 INFO archived 1251145108449361920
2020-12-17 18:30:19,698 INFO archived 1251146784258224129
2020-12-17 18:30:19,698 INFO archived 1251147913515814915
2020-12-17 18:30:19,698 INFO archived 1251148405348302848
2020-12-17 18:30:19,698 INFO archived 1251148596285603840
2020-12-17 18:30:19,699 INFO archived 1251148811579211781
2020-12-17 18:30:19,699 INFO archived 1251156429060235265
2020-12-17 18:30:19,699 INFO archived 1251156761068765186
2020-12-17 18:30:19,700 INFO archived 1251157463962841089
2020-12-17 18:30:19,700 INFO archived 1251157912111595520
2020-12-17 18:30:19,700 INFO archived 1251159732519186438
2020-12-17 18:30:19,701 INFO archived 1251161269563875328
2020-12-17 18:30:19,701 INFO archived 1251161631427457032
2020-12-17 18:30:19,701 INFO archived 1251162639524225025
2020-12-17 18:30:19,701 INFO archived 1251162684009168896
2020-12-17 18:30:19,702 INFO archived 1251164043101888513
2020-12-17 18:30:19,702 INFO archived 1251164052409200640
2020-12-17 18:30:19,702 INFO archived 1251164437710585856
2020-12-17 18:30:19,703 INFO archived 1251164456463335425
2020-12-17 18:30:19,703 INFO archived 1251165044399734785
2020-12-17 18:30:19,703 INFO archived 1251165338705825793
2020-12-17 18:30:19,703 INFO archived 1251166080095211520
2020-12-17 18:30:19,703 INFO archived 1251166797694459904
2020-12-17 18:30:19,704 INFO archived 1251167365779337216
2020-12-17 18:30:19,704 INFO archived 1251167390978752519
2020-12-17 18:30:19,704 INFO archived 1251169685606932480
2020-12-17 18:30:19,705 INFO archived 1251170217427980288
2020-12-17 18:30:19,705 INFO archived 1251170471871221760
2020-12-17 18:30:19,707 INFO archived 1251170579861962755
2020-12-17 18:30:19,707 INFO archived 1251171441174876160
2020-12-17 18:30:19,707 INFO archived 1251172280115302402
2020-12-17 18:30:19,708 INFO archived 1251174028246687746
2020-12-17 18:30:19,708 INFO archived 1251175839619842049
2020-12-17 18:30:19,708 INFO archived 1251176121514803201
2020-12-17 18:30:19,709 INFO archived 1251176298598170626
2020-12-17 18:30:19,710 INFO hydrating 100 ids
2020-12-17 18:30:19,710 INFO posting ('https://api.twitter.com/1.1/statuses/lookup.json',) {'data': {'id': '1251178192645357569,,1251179429981753349,,1251179475984941056,,1251180192816459777,,1251181255002951680,,1251181256961937408,,1251183293107703809,,1251183681621970944,,1251184061701337091,,1251184166596513792,,1251186778242813952,,1251188108571238403,,1251188723074637825,,1251188923130396672,,1251190789822087168,,1251190939063902208,,1251191931696119808,,1251193085859692544,,1251193154981806085,,1251193239618682881,,1251193678896476160,,1251193915094503425,,1251194524044529664,,1251194556672020485,,1251194899946446853,,1251195066544242694,,1251195668728811520,,1251195727512043526,,1251195862111399938,,1251195909796499457,,1251196470595911682,,1251196494167846912,,1251196529123221504,,1251197115797299200,,1251197312522739712,,1251197533315051520,,1251197773917179905,,1251198015538376710,,1251198276101189632,,1251198489998082048,,1251198942454468611,,1251199398576631809,,1251199588335341576,,1251200281506992129,,1251200475166318594,,1251200729089482753,,1251202033891323904,,1251202476302352387,,1251202600835452928,,1251202740040024064,,1251203473741361158,,1251204119987134466,,1251204690102157312,,1251204780099239937,,1251204808545054725,,1251205036018929665,,1251205690791788550,,1251205736836841475,,1251205961039122434,,1251206252547444736,,1251206438988533760,,1251207857216925701,,1251208726813515779,,1251209718778953729,,1251210265154195459,,1251210589801676800,,1251210993738416130,,1251211836369838080,,1251212629550366720,,1251214427837345798,,1251216208902467587,,1251216882629251073,,1251220792496369664,,1251221827189440515,,1251222779422289921,,1251222951170580491,,1251223737745145857,,1251224925941219330,,1251225147542929408,,1251225807206387714,,1251227679615057925,,1251229673176121346,,1251229824175276033,,1251230451353546752,,1251230763548323840,,1251231345956859910,,1251234365499232257,,1251234989926002689,,1251235177080123392,,1251235656141090823,,1251237782711869441,,1251238700773789698,,1251239890454528007,,1251240571869499392,,1251241897684865031,,1251242055415869446,,1251242830523072512,,1251242892800274435,,1251244150105702408,,1251244822658273285,', 'include_ext_alt_text': 'true', 'include_entities': 'true', 'trim_user': False, 'tweet_mode': 'extended'}}
2020-12-17 18:30:20,060 INFO archived 1251178192645357569
2020-12-17 18:30:20,060 INFO archived 1251179429981753349
2020-12-17 18:30:20,061 INFO archived 1251179475984941056
2020-12-17 18:30:20,061 INFO archived 1251180192816459777
2020-12-17 18:30:20,061 INFO archived 1251181255002951680
2020-12-17 18:30:20,061 INFO archived 1251181256961937408
2020-12-17 18:30:20,062 INFO archived 1251183293107703809
2020-12-17 18:30:20,062 INFO archived 1251183681621970944
2020-12-17 18:30:20,062 INFO archived 1251184061701337091
2020-12-17 18:30:20,062 INFO archived 1251184166596513792
2020-12-17 18:30:20,062 INFO archived 1251186778242813952
2020-12-17 18:30:20,062 INFO archived 1251188108571238403
2020-12-17 18:30:20,063 INFO archived 1251188723074637825
2020-12-17 18:30:20,063 INFO archived 1251188923130396672
2020-12-17 18:30:20,063 INFO archived 1251190789822087168
2020-12-17 18:30:20,063 INFO archived 1251190939063902208
2020-12-17 18:30:20,063 INFO archived 1251191931696119808
2020-12-17 18:30:20,063 INFO archived 1251193085859692544
2020-12-17 18:30:20,064 INFO archived 1251193154981806085
2020-12-17 18:30:20,064 INFO archived 1251193239618682881
2020-12-17 18:30:20,064 INFO archived 1251193678896476160
2020-12-17 18:30:20,064 INFO archived 1251193915094503425
2020-12-17 18:30:20,064 INFO archived 1251194524044529664
2020-12-17 18:30:20,064 INFO archived 1251194556672020485
2020-12-17 18:30:20,064 INFO archived 1251194899946446853
2020-12-17 18:30:20,065 INFO archived 1251195066544242694
2020-12-17 18:30:20,065 INFO archived 1251195668728811520
2020-12-17 18:30:20,065 INFO archived 1251195727512043526
2020-12-17 18:30:20,065 INFO archived 1251195862111399938
2020-12-17 18:30:20,065 INFO archived 1251195909796499457
2020-12-17 18:30:20,065 INFO archived 1251196470595911682
2020-12-17 18:30:20,065 INFO archived 1251196494167846912
2020-12-17 18:30:20,066 INFO archived 1251196529123221504
2020-12-17 18:30:20,067 INFO archived 1251197115797299200
2020-12-17 18:30:20,067 INFO archived 1251197312522739712
2020-12-17 18:30:20,067 INFO archived 1251197533315051520
2020-12-17 18:30:20,068 INFO archived 1251197773917179905
2020-12-17 18:30:20,068 INFO archived 1251198015538376710
2020-12-17 18:30:20,068 INFO archived 1251198276101189632
2020-12-17 18:30:20,068 INFO archived 1251198489998082048
2020-12-17 18:30:20,068 INFO archived 1251198942454468611
2020-12-17 18:30:20,068 INFO archived 1251199398576631809
2020-12-17 18:30:20,068 INFO archived 1251199588335341576
2020-12-17 18:30:20,069 INFO archived 1251200281506992129
2020-12-17 18:30:20,069 INFO archived 1251200475166318594
2020-12-17 18:30:20,069 INFO archived 1251200729089482753
2020-12-17 18:30:20,069 INFO archived 1251202033891323904
2020-12-17 18:30:20,069 INFO archived 1251202476302352387
2020-12-17 18:30:20,069 INFO archived 1251202600835452928
2020-12-17 18:30:20,069 INFO archived 1251203473741361158
2020-12-17 18:30:20,069 INFO archived 1251204119987134466
2020-12-17 18:30:20,070 INFO archived 1251204690102157312
2020-12-17 18:30:20,070 INFO archived 1251204780099239937
2020-12-17 18:30:20,070 INFO archived 1251204808545054725
2020-12-17 18:30:20,070 INFO archived 1251205036018929665
2020-12-17 18:30:20,070 INFO archived 1251205690791788550
2020-12-17 18:30:20,071 INFO archived 1251205736836841475
2020-12-17 18:30:20,071 INFO archived 1251206252547444736
2020-12-17 18:30:20,071 INFO archived 1251206438988533760
2020-12-17 18:30:20,071 INFO archived 1251207857216925701
2020-12-17 18:30:20,071 INFO archived 1251208726813515779
2020-12-17 18:30:20,072 INFO archived 1251209718778953729
2020-12-17 18:30:20,072 INFO archived 1251210265154195459
2020-12-17 18:30:20,072 INFO archived 1251210589801676800
2020-12-17 18:30:20,072 INFO archived 1251210993738416130
2020-12-17 18:30:20,072 INFO archived 1251211836369838080
2020-12-17 18:30:20,072 INFO archived 1251212629550366720
2020-12-17 18:30:20,073 INFO archived 1251214427837345798
2020-12-17 18:30:20,073 INFO archived 1251216208902467587
2020-12-17 18:30:20,073 INFO archived 1251216882629251073
2020-12-17 18:30:20,073 INFO archived 1251220792496369664
2020-12-17 18:30:20,073 INFO archived 1251221827189440515
2020-12-17 18:30:20,074 INFO archived 1251222779422289921
2020-12-17 18:30:20,074 INFO archived 1251222951170580491
2020-12-17 18:30:20,075 INFO archived 1251223737745145857
2020-12-17 18:30:20,075 INFO archived 1251224925941219330
2020-12-17 18:30:20,075 INFO archived 1251225147542929408
2020-12-17 18:30:20,076 INFO archived 1251225807206387714
2020-12-17 18:30:20,076 INFO archived 1251227679615057925
2020-12-17 18:30:20,076 INFO archived 1251229673176121346
2020-12-17 18:30:20,077 INFO archived 1251229824175276033
2020-12-17 18:30:20,077 INFO archived 1251230451353546752
2020-12-17 18:30:20,078 INFO archived 1251230763548323840
2020-12-17 18:30:20,078 INFO archived 1251231345956859910
2020-12-17 18:30:20,078 INFO archived 1251234365499232257
2020-12-17 18:30:20,079 INFO archived 1251234989926002689
2020-12-17 18:30:20,079 INFO archived 1251235177080123392
2020-12-17 18:30:20,079 INFO archived 1251235656141090823
2020-12-17 18:30:20,079 INFO archived 1251237782711869441
2020-12-17 18:30:20,080 INFO archived 1251238700773789698
2020-12-17 18:30:20,080 INFO archived 1251239890454528007
2020-12-17 18:30:20,080 INFO archived 1251240571869499392
2020-12-17 18:30:20,080 INFO archived 1251241897684865031
2020-12-17 18:30:20,080 INFO archived 1251242055415869446
2020-12-17 18:30:20,080 INFO archived 1251242830523072512
2020-12-17 18:30:20,081 INFO archived 1251242892800274435
2020-12-17 18:30:20,081 INFO archived 1251244150105702408
2020-12-17 18:30:20,081 INFO archived 1251244822658273285
2020-12-17 18:30:20,081 INFO hydrating 100 ids
2020-12-17 18:30:20,082 INFO posting ('https://api.twitter.com/1.1/statuses/lookup.json',) {'data': {'id': '1251245470732685318,,1251245742108401668,,1251245830696251395,,1251246886876479488,,1251249613920763909,,1251251713446723584,,1251251750826319872,,1251251958213750786,,1251254608913215488,,1251254641687506946,,1251254696511188993,,1251256351088693250,,1251257282601549837,,1251257524856242179,,1251257615646064642,,1251257705848877057,,1251259451383955470,,1251260580016553985,,1251260707347275786,,1251260797990375424,,1251261488234364931,,1251262209218482176,,1251262768919052290,,1251264621584936960,,1251265101585416194,,1251266377987604480,,1251266676848541698,,1251267363460300801,,1251267549251227649,,1251268050306969603,,1251268561588322308,,1251268707122282497,,1251269048391917568,,1251269366370512896,,1251270035403923456,,1251270207269634048,,1251270288576262148,,1251271173146423296,,1251271536260120583,,1251272612560334848,,1251272858883575808,,1251273809056931840,,1251276399412834304,,1251276532833824774,,1251278299558367233,,1251279855926292480,,1251280017537085440,,1251280694791360512,,1251281431084576768,,1251283745900027915,,1251284089853882368,,1251284547062259712,,1251284887677648896,,1251286575654281220,,1251287260860801024,,1251287499487444993,,1251288260699140097,,1251288406086352897,,1251289364925165570,,1251289605397073921,,1251290723653054464,,1251291319009521665,,1251291915531759618,,1251293152587264000,,1251293824074289153,,1251294481741217793,,1251297556866441223,,1251298468804669441,,1251298921676226560,,1251298971101933568,,1251299341026951169,,1251300316294844418,,1251302947285118976,,1251303308955996162,,1251304215605129217,,1251304458706915328,,1251304651422605312,,1251307295977304066,,1251307379494354946,,1251309666551975936,,1251311322148622338,,1251313003406020608,,1251315166588874752,,1251317939472674818,,1251318331019161600,,1251319555923812352,,1251320096724643840,,1251321171368427522,,1251321483814678528,,1251322456511561731,,1251323283615608832,,1251326402072399872,,1251330312707211264,,1251333146752278529,,1251334004709572608,,1251334637269528579,,1251337032238092288,,1251337601946189827,,1251337891948576769,,1251340059950923777,', 'include_ext_alt_text': 'true', 'include_entities': 'true', 'trim_user': False, 'tweet_mode': 'extended'}}
2020-12-17 18:30:20,575 INFO archived 1251245470732685318
2020-12-17 18:30:20,575 INFO archived 1251245742108401668
2020-12-17 18:30:20,576 INFO archived 1251245830696251395
2020-12-17 18:30:20,576 INFO archived 1251246886876479488
2020-12-17 18:30:20,576 INFO archived 1251249613920763909
2020-12-17 18:30:20,576 INFO archived 1251251713446723584
2020-12-17 18:30:20,577 INFO archived 1251251750826319872
2020-12-17 18:30:20,577 INFO archived 1251251958213750786
2020-12-17 18:30:20,578 INFO archived 1251254608913215488
2020-12-17 18:30:20,578 INFO archived 1251254641687506946
2020-12-17 18:30:20,578 INFO archived 1251254696511188993
2020-12-17 18:30:20,579 INFO archived 1251256351088693250
2020-12-17 18:30:20,579 INFO archived 1251257282601549837
2020-12-17 18:30:20,579 INFO archived 1251257524856242179
2020-12-17 18:30:20,580 INFO archived 1251257615646064642
2020-12-17 18:30:20,580 INFO archived 1251257705848877057
2020-12-17 18:30:20,580 INFO archived 1251259451383955470
2020-12-17 18:30:20,580 INFO archived 1251260580016553985
2020-12-17 18:30:20,580 INFO archived 1251260707347275786
2020-12-17 18:30:20,580 INFO archived 1251260797990375424
2020-12-17 18:30:20,581 INFO archived 1251261488234364931
2020-12-17 18:30:20,581 INFO archived 1251262209218482176
2020-12-17 18:30:20,581 INFO archived 1251262768919052290
2020-12-17 18:30:20,581 INFO archived 1251264621584936960
2020-12-17 18:30:20,582 INFO archived 1251265101585416194
2020-12-17 18:30:20,582 INFO archived 1251266377987604480
2020-12-17 18:30:20,582 INFO archived 1251266676848541698
2020-12-17 18:30:20,582 INFO archived 1251267363460300801
2020-12-17 18:30:20,583 INFO archived 1251267549251227649
2020-12-17 18:30:20,583 INFO archived 1251268050306969603
2020-12-17 18:30:20,583 INFO archived 1251268561588322308
2020-12-17 18:30:20,584 INFO archived 1251268707122282497
2020-12-17 18:30:20,584 INFO archived 1251269048391917568
2020-12-17 18:30:20,584 INFO archived 1251269366370512896
2020-12-17 18:30:20,584 INFO archived 1251270035403923456
2020-12-17 18:30:20,584 INFO archived 1251270207269634048
2020-12-17 18:30:20,585 INFO archived 1251270288576262148
2020-12-17 18:30:20,585 INFO archived 1251271173146423296
2020-12-17 18:30:20,585 INFO archived 1251271536260120583
2020-12-17 18:30:20,585 INFO archived 1251272612560334848
2020-12-17 18:30:20,585 INFO archived 1251272858883575808
2020-12-17 18:30:20,585 INFO archived 1251273809056931840
2020-12-17 18:30:20,586 INFO archived 1251276399412834304
2020-12-17 18:30:20,586 INFO archived 1251276532833824774
2020-12-17 18:30:20,586 INFO archived 1251278299558367233
2020-12-17 18:30:20,587 INFO archived 1251279855926292480
2020-12-17 18:30:20,587 INFO archived 1251280017537085440
2020-12-17 18:30:20,587 INFO archived 1251281431084576768
2020-12-17 18:30:20,587 INFO archived 1251283745900027915
2020-12-17 18:30:20,587 INFO archived 1251284089853882368
2020-12-17 18:30:20,588 INFO archived 1251284547062259712
2020-12-17 18:30:20,588 INFO archived 1251284887677648896
2020-12-17 18:30:20,588 INFO archived 1251286575654281220
2020-12-17 18:30:20,589 INFO archived 1251287260860801024
2020-12-17 18:30:20,589 INFO archived 1251287499487444993
2020-12-17 18:30:20,590 INFO archived 1251288260699140097
2020-12-17 18:30:20,590 INFO archived 1251288406086352897
2020-12-17 18:30:20,590 INFO archived 1251289364925165570
2020-12-17 18:30:20,590 INFO archived 1251289605397073921
2020-12-17 18:30:20,591 INFO archived 1251290723653054464
2020-12-17 18:30:20,591 INFO archived 1251291319009521665
2020-12-17 18:30:20,591 INFO archived 1251291915531759618
2020-12-17 18:30:20,591 INFO archived 1251293152587264000
2020-12-17 18:30:20,592 INFO archived 1251293824074289153
2020-12-17 18:30:20,592 INFO archived 1251294481741217793
2020-12-17 18:30:20,592 INFO archived 1251297556866441223
2020-12-17 18:30:20,593 INFO archived 1251298468804669441
2020-12-17 18:30:20,593 INFO archived 1251298921676226560
2020-12-17 18:30:20,593 INFO archived 1251298971101933568
2020-12-17 18:30:20,593 INFO archived 1251299341026951169
2020-12-17 18:30:20,593 INFO archived 1251300316294844418
2020-12-17 18:30:20,594 INFO archived 1251302947285118976
2020-12-17 18:30:20,594 INFO archived 1251303308955996162
2020-12-17 18:30:20,594 INFO archived 1251304215605129217
2020-12-17 18:30:20,595 INFO archived 1251304458706915328
2020-12-17 18:30:20,595 INFO archived 1251304651422605312
2020-12-17 18:30:20,595 INFO archived 1251307295977304066
2020-12-17 18:30:20,595 INFO archived 1251307379494354946
2020-12-17 18:30:20,596 INFO archived 1251309666551975936
2020-12-17 18:30:20,596 INFO archived 1251311322148622338
2020-12-17 18:30:20,596 INFO archived 1251313003406020608
2020-12-17 18:30:20,596 INFO archived 1251315166588874752
2020-12-17 18:30:20,596 INFO archived 1251317939472674818
2020-12-17 18:30:20,596 INFO archived 1251318331019161600
2020-12-17 18:30:20,596 INFO archived 1251319555923812352
2020-12-17 18:30:20,597 INFO archived 1251320096724643840
2020-12-17 18:30:20,597 INFO archived 1251321171368427522
2020-12-17 18:30:20,597 INFO archived 1251322456511561731
2020-12-17 18:30:20,597 INFO archived 1251323283615608832
2020-12-17 18:30:20,598 INFO archived 1251326402072399872
2020-12-17 18:30:20,598 INFO archived 1251330312707211264
2020-12-17 18:30:20,598 INFO archived 1251333146752278529
2020-12-17 18:30:20,598 INFO archived 1251334004709572608
2020-12-17 18:30:20,599 INFO archived 1251334637269528579
2020-12-17 18:30:20,599 INFO archived 1251337032238092288
2020-12-17 18:30:20,599 INFO archived 1251337601946189827
2020-12-17 18:30:20,599 INFO archived 1251337891948576769
2020-12-17 18:30:20,599 INFO archived 1251340059950923777
2020-12-17 18:30:20,599 INFO hydrating ['1251340267594145793,', '1251341611465875456,', '1251345816176005121,', '1251346260021436417,', '1251347527837851652,', '1251349379631505411,', '1251349895878975488,', '1251350718788915201,', '1251353224080011264,', '1251354403443007488,', '1251357095905107969,', '1251359682712616961,', '1251360432079634434,', '1251364103618248705,', '1251366441015803912,', '1251367315117047808']
2020-12-17 18:30:20,600 INFO posting ('https://api.twitter.com/1.1/statuses/lookup.json',) {'data': {'id': '1251340267594145793,,1251341611465875456,,1251345816176005121,,1251346260021436417,,1251347527837851652,,1251349379631505411,,1251349895878975488,,1251350718788915201,,1251353224080011264,,1251354403443007488,,1251357095905107969,,1251359682712616961,,1251360432079634434,,1251364103618248705,,1251366441015803912,,1251367315117047808', 'include_ext_alt_text': 'true', 'include_entities': 'true', 'trim_user': False, 'tweet_mode': 'extended'}}
2020-12-17 18:30:20,709 INFO archived 1251367315117047808
2020-12-17 18:30:20,710 INFO archived 1251340267594145793
2020-12-17 18:30:20,710 INFO archived 1251346260021436417
2020-12-17 18:30:20,710 INFO archived 1251364103618248705
2020-12-17 18:30:20,712 INFO archived 1251353224080011264
2020-12-17 18:30:20,713 INFO archived 1251349895878975488
2020-12-17 18:30:20,713 INFO archived 1251341611465875456
2020-12-17 18:30:20,714 INFO archived 1251360432079634434
2020-12-17 18:30:20,714 INFO archived 1251366441015803912
2020-12-17 18:30:20,715 INFO archived 1251359682712616961
2020-12-17 18:30:20,715 INFO archived 1251349379631505411
2020-12-17 18:30:20,715 INFO archived 1251347527837851652
2020-12-17 18:30:20,715 INFO archived 1251357095905107969
2020-12-17 18:30:20,715 INFO archived 1251354403443007488
2020-12-17 18:30:20,715 INFO archived 1251345816176005121
2020-12-17 18:30:20,716 INFO archived 1251350718788915201
